TN:
SF:C:\Users\watki\Desktop\galactic-age-calc\src\sagansDot.js
FN:9,(anonymous_0)
FN:18,(anonymous_1)
FN:22,(anonymous_2)
FN:26,(anonymous_3)
FN:30,(anonymous_4)
FN:34,(anonymous_5)
FN:40,(anonymous_6)
FN:44,(anonymous_7)
FN:48,(anonymous_8)
FNF:9
FNH:9
FNDA:16,(anonymous_0)
FNDA:2,(anonymous_1)
FNDA:2,(anonymous_2)
FNDA:2,(anonymous_3)
FNDA:2,(anonymous_4)
FNDA:2,(anonymous_5)
FNDA:2,(anonymous_6)
FNDA:2,(anonymous_7)
FNDA:2,(anonymous_8)
DA:2,1
DA:3,1
DA:4,1
DA:5,1
DA:10,16
DA:11,16
DA:12,16
DA:13,16
DA:19,2
DA:23,2
DA:27,2
DA:31,2
DA:35,2
DA:41,2
DA:45,2
DA:49,2
LF:16
LH:16
BRF:0
BRH:0
end_of_record
